<?xml version="1.0" encoding="UTF-8"?>
<testng-results ignored="0" total="4" passed="4" failed="0" skipped="0">
  <reporter-output>
  </reporter-output>
  <suite started-at="2024-02-04T09:26:41 IST" name="PetSuite" finished-at="2024-02-04T09:26:54 IST" duration-ms="12818">
    <groups>
    </groups>
    <test started-at="2024-02-04T09:26:41 IST" name="PetTests" finished-at="2024-02-04T09:26:54 IST" duration-ms="12818">
      <class name="api.tests.petTests.PetTests">
        <test-method is-config="true" signature="setupData()[pri:0, instance:api.tests.petTests.PetTests@1e683a3e]" started-at="2024-02-04T09:26:42 IST" name="setupData" finished-at="2024-02-04T09:26:42 IST" duration-ms="3" status="PASS">
          <reporter-output>
          </reporter-output>
        </test-method> <!-- setupData -->
        <test-method signature="addPetTest()[pri:0, instance:api.tests.petTests.PetTests@1e683a3e]" started-at="2024-02-04T09:26:42 IST" name="addPetTest" finished-at="2024-02-04T09:26:46 IST" duration-ms="4058" status="PASS">
          <reporter-output>
          </reporter-output>
        </test-method> <!-- addPetTest -->
        <test-method signature="deletePet()[pri:0, instance:api.tests.petTests.PetTests@1e683a3e]" started-at="2024-02-04T09:26:46 IST" name="deletePet" finished-at="2024-02-04T09:26:48 IST" duration-ms="2738" status="PASS">
          <reporter-output>
          </reporter-output>
        </test-method> <!-- deletePet -->
        <test-method signature="getPetByIdTest()[pri:0, instance:api.tests.petTests.PetTests@1e683a3e]" started-at="2024-02-04T09:26:48 IST" name="getPetByIdTest" finished-at="2024-02-04T09:26:51 IST" duration-ms="2563" status="PASS">
          <reporter-output>
          </reporter-output>
        </test-method> <!-- getPetByIdTest -->
        <test-method signature="updatePetTest()[pri:0, instance:api.tests.petTests.PetTests@1e683a3e]" started-at="2024-02-04T09:26:51 IST" name="updatePetTest" finished-at="2024-02-04T09:26:54 IST" duration-ms="3024" status="PASS">
          <reporter-output>
          </reporter-output>
        </test-method> <!-- updatePetTest -->
      </class> <!-- api.tests.petTests.PetTests -->
    </test> <!-- PetTests -->
  </suite> <!-- PetSuite -->
</testng-results>
