<?xml version="1.0" encoding="UTF-8"?>
<!-- Generated by org.testng.reporters.JUnitXMLReporter -->
<testsuite ignored="0" hostname="NODE1682" failures="0" tests="4" name="PetTests" time="12.818" errors="0" timestamp="2024-02-04T09:26:54 IST">
  <testcase classname="api.tests.petTests.PetTests" name="addPetTest" time="4.058"/>
  <testcase classname="api.tests.petTests.PetTests" name="deletePet" time="2.738"/>
  <testcase classname="api.tests.petTests.PetTests" name="getPetByIdTest" time="2.563"/>
  <testcase classname="api.tests.petTests.PetTests" name="updatePetTest" time="3.024"/>
</testsuite> <!-- PetTests -->
